Vivado Simulator 2019.2
Time resolution is 1 ps
==============================================================
Test begin!
        [  22000 ns] Test is running, debug_wb_pc = 0x1c0900b4
        [  32000 ns] Test is running, debug_wb_pc = 0x1c091054
----[  35575 ns] Number 8'd01 Functional Test Point PASS!!!
        [  42000 ns] Test is running, debug_wb_pc = 0x1c0a033c
        [  52000 ns] Test is running, debug_wb_pc = 0x1c0a12dc
        [  62000 ns] Test is running, debug_wb_pc = 0x1c0a227c
        [  72000 ns] Test is running, debug_wb_pc = 0x1c0a321c
        [  82000 ns] Test is running, debug_wb_pc = 0x1c0a41bc
        [  92000 ns] Test is running, debug_wb_pc = 0x1c0a515c
        [ 102000 ns] Test is running, debug_wb_pc = 0x1c0a60fc
        [ 112000 ns] Test is running, debug_wb_pc = 0x1c0a709c
        [ 122000 ns] Test is running, debug_wb_pc = 0x1c0a803c
        [ 132000 ns] Test is running, debug_wb_pc = 0x1c0a8fdc
----[ 132925 ns] Number 8'd02 Functional Test Point PASS!!!
        [ 142000 ns] Test is running, debug_wb_pc = 0x1c0a9e40
        [ 152000 ns] Test is running, debug_wb_pc = 0x1c0aade0
        [ 162000 ns] Test is running, debug_wb_pc = 0x1c0abd80
        [ 172000 ns] Test is running, debug_wb_pc = 0x1c0acd20
        [ 182000 ns] Test is running, debug_wb_pc = 0x1c0adcc0
        [ 192000 ns] Test is running, debug_wb_pc = 0x1c0aec60
        [ 202000 ns] Test is running, debug_wb_pc = 0x1c0afc00
        [ 212000 ns] Test is running, debug_wb_pc = 0x1c0b0ba0
----[ 212215 ns] Number 8'd03 Functional Test Point PASS!!!
        [ 222000 ns] Test is running, debug_wb_pc = 0x1c0b1a04
        [ 232000 ns] Test is running, debug_wb_pc = 0x1c0b29a4
        [ 242000 ns] Test is running, debug_wb_pc = 0x1c0b3944
        [ 252000 ns] Test is running, debug_wb_pc = 0x1c0b48e4
        [ 262000 ns] Test is running, debug_wb_pc = 0x1c0b5884
        [ 272000 ns] Test is running, debug_wb_pc = 0x1c0b6824
        [ 282000 ns] Test is running, debug_wb_pc = 0x1c0b77c4
        [ 292000 ns] Test is running, debug_wb_pc = 0x1c0b8764
        [ 302000 ns] Test is running, debug_wb_pc = 0x1c0b9704
----[ 309565 ns] Number 8'd04 Functional Test Point PASS!!!
        [ 312000 ns] Test is running, debug_wb_pc = 0x1c0ba568
        [ 322000 ns] Test is running, debug_wb_pc = 0x1c0bb508
        [ 332000 ns] Test is running, debug_wb_pc = 0x1c0bc4a8
        [ 342000 ns] Test is running, debug_wb_pc = 0x1c0bd448
        [ 352000 ns] Test is running, debug_wb_pc = 0x1c0be3e8
        [ 362000 ns] Test is running, debug_wb_pc = 0x1c0bf388
        [ 372000 ns] Test is running, debug_wb_pc = 0x1c0c0328
        [ 382000 ns] Test is running, debug_wb_pc = 0x1c0c12c8
        [ 392000 ns] Test is running, debug_wb_pc = 0x1c0c2268
        [ 402000 ns] Test is running, debug_wb_pc = 0x1c0c3208
----[ 406915 ns] Number 8'd05 Functional Test Point PASS!!!
        [ 412000 ns] Test is running, debug_wb_pc = 0x1c0c406c
        [ 422000 ns] Test is running, debug_wb_pc = 0x1c0c500c
        [ 432000 ns] Test is running, debug_wb_pc = 0x1c0c5fac
        [ 442000 ns] Test is running, debug_wb_pc = 0x1c0c6f4c
        [ 452000 ns] Test is running, debug_wb_pc = 0x1c0c7eec
        [ 462000 ns] Test is running, debug_wb_pc = 0x1c0c8e8c
        [ 472000 ns] Test is running, debug_wb_pc = 0x1c0c9e2c
        [ 482000 ns] Test is running, debug_wb_pc = 0x1c0cadcc
        [ 492000 ns] Test is running, debug_wb_pc = 0x1c0cbd6c
        [ 502000 ns] Test is running, debug_wb_pc = 0x1c0ccd0c
----[ 504265 ns] Number 8'd06 Functional Test Point PASS!!!
        [ 512000 ns] Test is running, debug_wb_pc = 0x1c0cdb70
        [ 522000 ns] Test is running, debug_wb_pc = 0x1c0ceb10
        [ 532000 ns] Test is running, debug_wb_pc = 0x1c0cfab0
        [ 542000 ns] Test is running, debug_wb_pc = 0x1c0d0a50
        [ 552000 ns] Test is running, debug_wb_pc = 0x1c0d19f0
        [ 562000 ns] Test is running, debug_wb_pc = 0x1c0d2990
        [ 572000 ns] Test is running, debug_wb_pc = 0x1c0d3930
        [ 582000 ns] Test is running, debug_wb_pc = 0x1c0d48d0
        [ 592000 ns] Test is running, debug_wb_pc = 0x1c0d5870
----[ 601615 ns] Number 8'd07 Functional Test Point PASS!!!
        [ 602000 ns] Test is running, debug_wb_pc = 0x1c0105cc
        [ 612000 ns] Test is running, debug_wb_pc = 0x1c0d7674
        [ 622000 ns] Test is running, debug_wb_pc = 0x1c0d8614
        [ 632000 ns] Test is running, debug_wb_pc = 0x1c0d95b4
        [ 642000 ns] Test is running, debug_wb_pc = 0x1c0da554
        [ 652000 ns] Test is running, debug_wb_pc = 0x1c0db4f4
        [ 662000 ns] Test is running, debug_wb_pc = 0x1c0dc494
        [ 672000 ns] Test is running, debug_wb_pc = 0x1c0dd434
        [ 682000 ns] Test is running, debug_wb_pc = 0x1c0de3d4
        [ 692000 ns] Test is running, debug_wb_pc = 0x1c0df374
----[ 698965 ns] Number 8'd08 Functional Test Point PASS!!!
        [ 702000 ns] Test is running, debug_wb_pc = 0x1c0e01d8
        [ 712000 ns] Test is running, debug_wb_pc = 0x1c0e1178
        [ 722000 ns] Test is running, debug_wb_pc = 0x1c0e2118
        [ 732000 ns] Test is running, debug_wb_pc = 0x1c0e30b8
        [ 742000 ns] Test is running, debug_wb_pc = 0x1c0e4058
        [ 752000 ns] Test is running, debug_wb_pc = 0x1c0e4ff8
        [ 762000 ns] Test is running, debug_wb_pc = 0x1c0e5f98
        [ 772000 ns] Test is running, debug_wb_pc = 0x1c0e6f38
        [ 782000 ns] Test is running, debug_wb_pc = 0x1c0e7ed8
        [ 792000 ns] Test is running, debug_wb_pc = 0x1c0e8e78
----[ 796315 ns] Number 8'd09 Functional Test Point PASS!!!
        [ 802000 ns] Test is running, debug_wb_pc = 0x1c0112d4
        [ 812000 ns] Test is running, debug_wb_pc = 0x1c012274
        [ 822000 ns] Test is running, debug_wb_pc = 0x1c013214
        [ 832000 ns] Test is running, debug_wb_pc = 0x1c0141b4
        [ 842000 ns] Test is running, debug_wb_pc = 0x1c015154
        [ 852000 ns] Test is running, debug_wb_pc = 0x1c0160f4
        [ 862000 ns] Test is running, debug_wb_pc = 0x1c017094
        [ 872000 ns] Test is running, debug_wb_pc = 0x1c018034
        [ 882000 ns] Test is running, debug_wb_pc = 0x1c018fd4
        [ 892000 ns] Test is running, debug_wb_pc = 0x1c019f74
----[ 893665 ns] Number 8'd10 Functional Test Point PASS!!!
        [ 902000 ns] Test is running, debug_wb_pc = 0x1c01add8
        [ 912000 ns] Test is running, debug_wb_pc = 0x1c01bd78
        [ 922000 ns] Test is running, debug_wb_pc = 0x1c01cd18
        [ 932000 ns] Test is running, debug_wb_pc = 0x1c01dcb8
        [ 942000 ns] Test is running, debug_wb_pc = 0x1c01ec58
        [ 952000 ns] Test is running, debug_wb_pc = 0x1c01fbf8
        [ 962000 ns] Test is running, debug_wb_pc = 0x1c020b98
        [ 972000 ns] Test is running, debug_wb_pc = 0x1c021b38
----[ 972955 ns] Number 8'd11 Functional Test Point PASS!!!
        [ 982000 ns] Test is running, debug_wb_pc = 0x1c02299c
        [ 992000 ns] Test is running, debug_wb_pc = 0x1c02393c
        [1002000 ns] Test is running, debug_wb_pc = 0x1c0248dc
        [1012000 ns] Test is running, debug_wb_pc = 0x1c02587c
        [1022000 ns] Test is running, debug_wb_pc = 0x1c02681c
        [1032000 ns] Test is running, debug_wb_pc = 0x1c0277bc
        [1042000 ns] Test is running, debug_wb_pc = 0x1c02875c
        [1052000 ns] Test is running, debug_wb_pc = 0x1c0296fc
----[1052245 ns] Number 8'd12 Functional Test Point PASS!!!
        [1062000 ns] Test is running, debug_wb_pc = 0x1c02a560
        [1072000 ns] Test is running, debug_wb_pc = 0x1c02b500
        [1082000 ns] Test is running, debug_wb_pc = 0x1c02c4a0
        [1092000 ns] Test is running, debug_wb_pc = 0x1c02d440
        [1102000 ns] Test is running, debug_wb_pc = 0x1c02e3e0
        [1112000 ns] Test is running, debug_wb_pc = 0x1c02f380
        [1122000 ns] Test is running, debug_wb_pc = 0x1c030320
----[1131535 ns] Number 8'd13 Functional Test Point PASS!!!
        [1132000 ns] Test is running, debug_wb_pc = 0x1c0105ec
        [1142000 ns] Test is running, debug_wb_pc = 0x1c032124
        [1152000 ns] Test is running, debug_wb_pc = 0x1c0330c4
----[1158165 ns] Number 8'd14 Functional Test Point PASS!!!
        [1162000 ns] Test is running, debug_wb_pc = 0x1c033f28
        [1172000 ns] Test is running, debug_wb_pc = 0x1c034ec8
        [1182000 ns] Test is running, debug_wb_pc = 0x1c035e68
----[1186795 ns] Number 8'd15 Functional Test Point PASS!!!
        [1192000 ns] Test is running, debug_wb_pc = 0x1c037014
        [1202000 ns] Test is running, debug_wb_pc = 0x1c038734
        [1212000 ns] Test is running, debug_wb_pc = 0x1c039e54
        [1222000 ns] Test is running, debug_wb_pc = 0x1c03b54c
        [1232000 ns] Test is running, debug_wb_pc = 0x1c03cc6c
        [1242000 ns] Test is running, debug_wb_pc = 0x1c03e38c
        [1252000 ns] Test is running, debug_wb_pc = 0x1c03fa1c
        [1262000 ns] Test is running, debug_wb_pc = 0x1c040e8c
        [1272000 ns] Test is running, debug_wb_pc = 0x1c0422fc
        [1282000 ns] Test is running, debug_wb_pc = 0x1c04376c
        [1292000 ns] Test is running, debug_wb_pc = 0x1c044c2c
        [1302000 ns] Test is running, debug_wb_pc = 0x1c04609c
        [1312000 ns] Test is running, debug_wb_pc = 0x1c04750c
        [1322000 ns] Test is running, debug_wb_pc = 0x1c04897c
        [1332000 ns] Test is running, debug_wb_pc = 0x1c04a09c
        [1342000 ns] Test is running, debug_wb_pc = 0x1c04b7bc
        [1352000 ns] Test is running, debug_wb_pc = 0x1c04ce8c
        [1362000 ns] Test is running, debug_wb_pc = 0x1c04e5ac
        [1372000 ns] Test is running, debug_wb_pc = 0x1c04fccc
        [1382000 ns] Test is running, debug_wb_pc = 0x1c0513ec
----[1385535 ns] Number 8'd16 Functional Test Point PASS!!!
        [1392000 ns] Test is running, debug_wb_pc = 0x1c05274c
        [1402000 ns] Test is running, debug_wb_pc = 0x1c053bbc
        [1412000 ns] Test is running, debug_wb_pc = 0x1c05502c
        [1422000 ns] Test is running, debug_wb_pc = 0x1c05649c
        [1432000 ns] Test is running, debug_wb_pc = 0x1c05795c
        [1442000 ns] Test is running, debug_wb_pc = 0x1c058dcc
        [1452000 ns] Test is running, debug_wb_pc = 0x1c05a23c
        [1462000 ns] Test is running, debug_wb_pc = 0x1c05b7e4
        [1472000 ns] Test is running, debug_wb_pc = 0x1c05ceb4
        [1482000 ns] Test is running, debug_wb_pc = 0x1c05e5d4
        [1492000 ns] Test is running, debug_wb_pc = 0x1c05fcf4
        [1502000 ns] Test is running, debug_wb_pc = 0x1c061414
        [1512000 ns] Test is running, debug_wb_pc = 0x1c062b34
        [1522000 ns] Test is running, debug_wb_pc = 0x1c0641ec
        [1532000 ns] Test is running, debug_wb_pc = 0x1c06565c
        [1542000 ns] Test is running, debug_wb_pc = 0x1c066acc
        [1552000 ns] Test is running, debug_wb_pc = 0x1c067eb8
        [1562000 ns] Test is running, debug_wb_pc = 0x1c0693b4
        [1572000 ns] Test is running, debug_wb_pc = 0x1c06a824
        [1582000 ns] Test is running, debug_wb_pc = 0x1c06bc94
        [1592000 ns] Test is running, debug_wb_pc = 0x1c06d124
----[1592195 ns] Number 8'd17 Functional Test Point PASS!!!
        [1602000 ns] Test is running, debug_wb_pc = 0x1c06e16c
        [1612000 ns] Test is running, debug_wb_pc = 0x1c06f314
        [1622000 ns] Test is running, debug_wb_pc = 0x1c0704bc
        [1632000 ns] Test is running, debug_wb_pc = 0x1c0716a8
        [1642000 ns] Test is running, debug_wb_pc = 0x1c0727f4
        [1652000 ns] Test is running, debug_wb_pc = 0x1c0739dc
        [1662000 ns] Test is running, debug_wb_pc = 0x1c074b84
        [1672000 ns] Test is running, debug_wb_pc = 0x1c075d2c
        [1682000 ns] Test is running, debug_wb_pc = 0x1c076ed4
        [1692000 ns] Test is running, debug_wb_pc = 0x1c07807c
        [1702000 ns] Test is running, debug_wb_pc = 0x1c07920c
        [1712000 ns] Test is running, debug_wb_pc = 0x1c07a3f4
        [1722000 ns] Test is running, debug_wb_pc = 0x1c07b59c
        [1732000 ns] Test is running, debug_wb_pc = 0x1c07c744
        [1742000 ns] Test is running, debug_wb_pc = 0x1c07d8ec
----[1745225 ns] Number 8'd18 Functional Test Point PASS!!!
        [1752000 ns] Test is running, debug_wb_pc = 0x1c07e9e8
        [1762000 ns] Test is running, debug_wb_pc = 0x1c07fc98
        [1772000 ns] Test is running, debug_wb_pc = 0x1c080f80
        [1782000 ns] Test is running, debug_wb_pc = 0x1c082230
        [1792000 ns] Test is running, debug_wb_pc = 0x1c083518
        [1802000 ns] Test is running, debug_wb_pc = 0x1c0847c8
        [1812000 ns] Test is running, debug_wb_pc = 0x1c085ab0
        [1822000 ns] Test is running, debug_wb_pc = 0x1c086d60
        [1832000 ns] Test is running, debug_wb_pc = 0x1c088048
        [1842000 ns] Test is running, debug_wb_pc = 0x1c0892f8
        [1852000 ns] Test is running, debug_wb_pc = 0x1c08a5a4
        [1862000 ns] Test is running, debug_wb_pc = 0x1c08b890
        [1872000 ns] Test is running, debug_wb_pc = 0x1c08cb3c
        [1882000 ns] Test is running, debug_wb_pc = 0x1c08de28
----[1884255 ns] Number 8'd19 Functional Test Point PASS!!!
        [1892000 ns] Test is running, debug_wb_pc = 0x1c09259c
        [1902000 ns] Test is running, debug_wb_pc = 0x1c093bc4
        [1912000 ns] Test is running, debug_wb_pc = 0x1c095244
        [1922000 ns] Test is running, debug_wb_pc = 0x1c096878
        [1932000 ns] Test is running, debug_wb_pc = 0x1c097eec
        [1942000 ns] Test is running, debug_wb_pc = 0x1c09956c
        [1952000 ns] Test is running, debug_wb_pc = 0x1c09ab94
        [1962000 ns] Test is running, debug_wb_pc = 0x1c09c214
        [1972000 ns] Test is running, debug_wb_pc = 0x1c09d848
        [1982000 ns] Test is running, debug_wb_pc = 0x1c09eebc
----[1987285 ns] Number 8'd20 Functional Test Point PASS!!!
==============================================================
gettrace end!
----Succeed in generating trace file!
$finish called at time : 1988495 ns : File "C:/Users/Legion/Desktop/loongarch/mycpu_env/gettrace/src/tb_top.v" Line 224
