#-----------------------------------------------------------
# Vivado v2019.2 (64-bit)
# SW Build 2708876 on Wed Nov  6 21:40:23 MST 2019
# IP Build 2700528 on Thu Nov  7 00:09:20 MST 2019
# Start of session at: Wed Mar 27 10:08:56 2024
# Process ID: 11944
# Current directory: C:/Users/Legion/Desktop/loongarch/mycpu_env/gettrace
# Command line: vivado.exe -gui_launcher_event rodinguilauncherevent8508 C:\Users\Legion\Desktop\loongarch\mycpu_env\gettrace\gettrace.xpr
# Log file: C:/Users/Legion/Desktop/loongarch/mycpu_env/gettrace/vivado.log
# Journal file: C:/Users/Legion/Desktop/loongarch/mycpu_env/gettrace\vivado.jou
#-----------------------------------------------------------
start_gui
open_project C:/Users/Legion/Desktop/loongarch/mycpu_env/gettrace/gettrace.xpr
Scanning sources...
Finished scanning sources
INFO: [IP_Flow 19-234] Refreshing IP repositories
INFO: [IP_Flow 19-1704] No user IP repositories specified
INFO: [IP_Flow 19-2313] Loaded Vivado IP repository 'E:/Xilinx/Vivado/2019.2/data/ip'.
open_project: Time (s): cpu = 00:00:11 ; elapsed = 00:00:06 . Memory (MB): peak = 918.238 ; gain = 262.246
update_compile_order -fileset sources_1
launch_simulation
Command: launch_simulation 
INFO: [Vivado 12-5682] Launching behavioral simulation in 'C:/Users/Legion/Desktop/loongarch/mycpu_env/gettrace/gettrace.sim/sim_1/behav/xsim'
INFO: [SIM-utils-51] Simulation object is 'sim_1'
INFO: [SIM-utils-54] Inspecting design source files for 'tb_top' in fileset 'sim_1'...
INFO: [USF-XSim-97] Finding global include files...
INFO: [USF-XSim-98] Fetching design files from 'sim_1'...
INFO: [USF-XSim-2] XSim::Compile design
INFO: [USF-XSim-61] Executing 'COMPILE and ANALYZE' step in 'C:/Users/Legion/Desktop/loongarch/mycpu_env/gettrace/gettrace.sim/sim_1/behav/xsim'
"xvlog --incr --relax -prj tb_top_vlog.prj"
INFO: [USF-XSim-69] 'compile' step finished in '3' seconds
INFO: [USF-XSim-3] XSim::Elaborate design
INFO: [USF-XSim-61] Executing 'ELABORATE' step in 'C:/Users/Legion/Desktop/loongarch/mycpu_env/gettrace/gettrace.sim/sim_1/behav/xsim'
"xelab -wto f64dd51de259492d93bd1922eb923ed9 --incr --debug typical --relax --mt 2 -L xil_defaultlib -L unisims_ver -L unimacro_ver -L secureip --snapshot tb_top_behav xil_defaultlib.tb_top xil_defaultlib.glbl -log elaborate.log"
Vivado Simulator 2019.2
Copyright 1986-1999, 2001-2019 Xilinx, Inc. All Rights Reserved.
Running: E:/Xilinx/Vivado/2019.2/bin/unwrapped/win64.o/xelab.exe -wto f64dd51de259492d93bd1922eb923ed9 --incr --debug typical --relax --mt 2 -L xil_defaultlib -L unisims_ver -L unimacro_ver -L secureip --snapshot tb_top_behav xil_defaultlib.tb_top xil_defaultlib.glbl -log elaborate.log 
Using 2 slave threads.
Starting static elaboration
Pass Through NonSizing Optimizer
Completed static elaboration
INFO: [XSIM 43-4323] No Change in HDL. Linking previously generated obj files to create kernel
INFO: [USF-XSim-69] 'elaborate' step finished in '1' seconds
INFO: [USF-XSim-4] XSim::Simulate design
INFO: [USF-XSim-61] Executing 'SIMULATE' step in 'C:/Users/Legion/Desktop/loongarch/mycpu_env/gettrace/gettrace.sim/sim_1/behav/xsim'
INFO: [USF-XSim-98] *** Running xsim
   with args "tb_top_behav -key {Behavioral:sim_1:Functional:tb_top} -tclbatch {tb_top.tcl} -log {simulate.log}"
INFO: [USF-XSim-8] Loading simulator feature
Vivado Simulator 2019.2
Time resolution is 1 ps
source tb_top.tcl
# set curr_wave [current_wave_config]
# if { [string length $curr_wave] == 0 } {
#   if { [llength [get_objects]] > 0} {
#     add_wave /
#     set_property needs_save false [current_wave_config]
#   } else {
#      send_msg_id Add_Wave-1 WARNING "No top level signals found. Simulator will start without a wave window. If you want to open a wave window go to 'File->New Waveform Configuration' or type 'create_wave_config' in the TCL console."
#   }
# }
# run 1000ns
INFO: [USF-XSim-96] XSim completed. Design snapshot 'tb_top_behav' loaded.
INFO: [USF-XSim-97] XSim simulation ran for 1000ns
launch_simulation: Time (s): cpu = 00:00:08 ; elapsed = 00:00:09 . Memory (MB): peak = 935.918 ; gain = 3.707
run all
==============================================================
Test begin!
----[  12055 ns] Number 8'd01 Functional Test Point PASS!!!
        [  22000 ns] Test is running, debug_wb_pc = 0x1c04c1ac
        [  32000 ns] Test is running, debug_wb_pc = 0x1c04d14c
----[  36405 ns] Number 8'd02 Functional Test Point PASS!!!
        [  42000 ns] Test is running, debug_wb_pc = 0x1c061b50
        [  52000 ns] Test is running, debug_wb_pc = 0x1c062af0
----[  54735 ns] Number 8'd03 Functional Test Point PASS!!!
        [  62000 ns] Test is running, debug_wb_pc = 0x1c0727ac
        [  72000 ns] Test is running, debug_wb_pc = 0x1c07374c
----[  79085 ns] Number 8'd04 Functional Test Point PASS!!!
        [  82000 ns] Test is running, debug_wb_pc = 0x1c0746a0
        [  92000 ns] Test is running, debug_wb_pc = 0x1c075640
        [ 102000 ns] Test is running, debug_wb_pc = 0x1c0765e0
----[ 103435 ns] Number 8'd05 Functional Test Point PASS!!!
        [ 112000 ns] Test is running, debug_wb_pc = 0x1c077534
        [ 122000 ns] Test is running, debug_wb_pc = 0x1c0784d4
----[ 127785 ns] Number 8'd06 Functional Test Point PASS!!!
        [ 132000 ns] Test is running, debug_wb_pc = 0x1c079428
        [ 142000 ns] Test is running, debug_wb_pc = 0x1c07a3c8
        [ 152000 ns] Test is running, debug_wb_pc = 0x1c07b368
----[ 152135 ns] Number 8'd07 Functional Test Point PASS!!!
        [ 162000 ns] Test is running, debug_wb_pc = 0x1c07c2bc
        [ 172000 ns] Test is running, debug_wb_pc = 0x1c07d25c
----[ 176485 ns] Number 8'd08 Functional Test Point PASS!!!
        [ 182000 ns] Test is running, debug_wb_pc = 0x1c07e1b0
        [ 192000 ns] Test is running, debug_wb_pc = 0x1c07f150
----[ 200835 ns] Number 8'd09 Functional Test Point PASS!!!
        [ 202000 ns] Test is running, debug_wb_pc = 0x1c0108b4
        [ 212000 ns] Test is running, debug_wb_pc = 0x1c011854
        [ 222000 ns] Test is running, debug_wb_pc = 0x1c0127f4
----[ 225185 ns] Number 8'd10 Functional Test Point PASS!!!
        [ 232000 ns] Test is running, debug_wb_pc = 0x1c013748
        [ 242000 ns] Test is running, debug_wb_pc = 0x1c0146e8
----[ 243515 ns] Number 8'd11 Functional Test Point PASS!!!
        [ 252000 ns] Test is running, debug_wb_pc = 0x1c01563c
----[ 261845 ns] Number 8'd12 Functional Test Point PASS!!!
        [ 262000 ns] Test is running, debug_wb_pc = 0x1c010260
        [ 272000 ns] Test is running, debug_wb_pc = 0x1c017530
----[ 280175 ns] Number 8'd13 Functional Test Point PASS!!!
        [ 282000 ns] Test is running, debug_wb_pc = 0x1c018484
----[ 290685 ns] Number 8'd14 Functional Test Point PASS!!!
        [ 292000 ns] Test is running, debug_wb_pc = 0x1c0193d8
----[ 301995 ns] Number 8'd15 Functional Test Point PASS!!!
        [ 302000 ns] Test is running, debug_wb_pc = 0x1c0100c4
        [ 312000 ns] Test is running, debug_wb_pc = 0x1c01b7a4
        [ 322000 ns] Test is running, debug_wb_pc = 0x1c01cbf4
        [ 332000 ns] Test is running, debug_wb_pc = 0x1c01dce4
        [ 342000 ns] Test is running, debug_wb_pc = 0x1c01edec
        [ 352000 ns] Test is running, debug_wb_pc = 0x1c0201a4
        [ 362000 ns] Test is running, debug_wb_pc = 0x1c021634
----[ 363495 ns] Number 8'd16 Functional Test Point PASS!!!
        [ 372000 ns] Test is running, debug_wb_pc = 0x1c02274c
        [ 382000 ns] Test is running, debug_wb_pc = 0x1c023830
        [ 392000 ns] Test is running, debug_wb_pc = 0x1c024b2c
        [ 402000 ns] Test is running, debug_wb_pc = 0x1c025fbc
        [ 412000 ns] Test is running, debug_wb_pc = 0x1c027214
        [ 422000 ns] Test is running, debug_wb_pc = 0x1c028304
----[ 428955 ns] Number 8'd17 Functional Test Point PASS!!!
        [ 432000 ns] Test is running, debug_wb_pc = 0x1c0293b4
        [ 442000 ns] Test is running, debug_wb_pc = 0x1c02a498
        [ 452000 ns] Test is running, debug_wb_pc = 0x1c02b55c
        [ 462000 ns] Test is running, debug_wb_pc = 0x1c02c62c
        [ 472000 ns] Test is running, debug_wb_pc = 0x1c02d704
----[ 481225 ns] Number 8'd18 Functional Test Point PASS!!!
        [ 482000 ns] Test is running, debug_wb_pc = 0x1c02e780
        [ 492000 ns] Test is running, debug_wb_pc = 0x1c02f870
        [ 502000 ns] Test is running, debug_wb_pc = 0x1c030960
        [ 512000 ns] Test is running, debug_wb_pc = 0x1c031a48
        [ 522000 ns] Test is running, debug_wb_pc = 0x1c032b38
----[ 529495 ns] Number 8'd19 Functional Test Point PASS!!!
        [ 532000 ns] Test is running, debug_wb_pc = 0x1c034b3c
        [ 542000 ns] Test is running, debug_wb_pc = 0x1c035c84
        [ 552000 ns] Test is running, debug_wb_pc = 0x1c036dc4
        [ 562000 ns] Test is running, debug_wb_pc = 0x1c037f0c
----[ 567765 ns] Number 8'd20 Functional Test Point PASS!!!
        [ 572000 ns] Test is running, debug_wb_pc = 0x1c038f48
        [ 582000 ns] Test is running, debug_wb_pc = 0x1c039ef0
        [ 592000 ns] Test is running, debug_wb_pc = 0x1c03ae90
----[ 595125 ns] Number 8'd21 Functional Test Point PASS!!!
        [ 602000 ns] Test is running, debug_wb_pc = 0x1c03bde8
        [ 612000 ns] Test is running, debug_wb_pc = 0x1c03cd88
----[ 613455 ns] Number 8'd22 Functional Test Point PASS!!!
        [ 622000 ns] Test is running, debug_wb_pc = 0x1c03dcdc
----[ 631785 ns] Number 8'd23 Functional Test Point PASS!!!
        [ 632000 ns] Test is running, debug_wb_pc = 0x1c03ec30
        [ 642000 ns] Test is running, debug_wb_pc = 0x1c03fbd0
----[ 650115 ns] Number 8'd24 Functional Test Point PASS!!!
        [ 652000 ns] Test is running, debug_wb_pc = 0x1c040b24
        [ 662000 ns] Test is running, debug_wb_pc = 0x1c041ac4
----[ 668445 ns] Number 8'd25 Functional Test Point PASS!!!
        [ 672000 ns] Test is running, debug_wb_pc = 0x1c042a18
        [ 682000 ns] Test is running, debug_wb_pc = 0x1c0439b8
----[ 686775 ns] Number 8'd26 Functional Test Point PASS!!!
        [ 692000 ns] Test is running, debug_wb_pc = 0x1c04490c
        [ 702000 ns] Test is running, debug_wb_pc = 0x1c0458ac
----[ 711125 ns] Number 8'd27 Functional Test Point PASS!!!
        [ 712000 ns] Test is running, debug_wb_pc = 0x1c046800
        [ 722000 ns] Test is running, debug_wb_pc = 0x1c0477a0
        [ 732000 ns] Test is running, debug_wb_pc = 0x1c048740
----[ 735475 ns] Number 8'd28 Functional Test Point PASS!!!
        [ 742000 ns] Test is running, debug_wb_pc = 0x1c049694
        [ 752000 ns] Test is running, debug_wb_pc = 0x1c04a634
----[ 759825 ns] Number 8'd29 Functional Test Point PASS!!!
        [ 762000 ns] Test is running, debug_wb_pc = 0x1c04db48
----[ 768595 ns] Number 8'd30 Functional Test Point PASS!!!
        [ 772000 ns] Test is running, debug_wb_pc = 0x1c04ea9c
----[ 781235 ns] Number 8'd31 Functional Test Point PASS!!!
        [ 782000 ns] Test is running, debug_wb_pc = 0x1c04f9f4
        [ 792000 ns] Test is running, debug_wb_pc = 0x1c050994
----[ 793625 ns] Number 8'd32 Functional Test Point PASS!!!
        [ 802000 ns] Test is running, debug_wb_pc = 0x1c0518e8
----[ 806155 ns] Number 8'd33 Functional Test Point PASS!!!
        [ 812000 ns] Test is running, debug_wb_pc = 0x1c05283c
----[ 817525 ns] Number 8'd34 Functional Test Point PASS!!!
        [ 822000 ns] Test is running, debug_wb_pc = 0x1c053790
----[ 827485 ns] Number 8'd35 Functional Test Point PASS!!!
        [ 832000 ns] Test is running, debug_wb_pc = 0x1c0546e8
----[ 841825 ns] Number 8'd36 Functional Test Point PASS!!!
        [ 842000 ns] Test is running, debug_wb_pc = 0x1c010268
        [ 852000 ns] Test is running, debug_wb_pc = 0x1c0569d0
        [ 862000 ns] Test is running, debug_wb_pc = 0x1c057d80
        [ 872000 ns] Test is running, debug_wb_pc = 0x1c059138
----[ 873975 ns] Number 8'd37 Functional Test Point PASS!!!
        [ 882000 ns] Test is running, debug_wb_pc = 0x1c05a4d4
        [ 892000 ns] Test is running, debug_wb_pc = 0x1c05b8b4
        [ 902000 ns] Test is running, debug_wb_pc = 0x1c05cc14
----[ 905955 ns] Number 8'd38 Functional Test Point PASS!!!
        [ 912000 ns] Test is running, debug_wb_pc = 0x1c05df1c
        [ 922000 ns] Test is running, debug_wb_pc = 0x1c05f2c0
        [ 932000 ns] Test is running, debug_wb_pc = 0x1c060624
----[ 938655 ns] Number 8'd39 Functional Test Point PASS!!!
        [ 942000 ns] Test is running, debug_wb_pc = 0x1c063564
        [ 952000 ns] Test is running, debug_wb_pc = 0x1c0648e4
        [ 962000 ns] Test is running, debug_wb_pc = 0x1c065c88
----[ 970695 ns] Number 8'd40 Functional Test Point PASS!!!
        [ 972000 ns] Test is running, debug_wb_pc = 0x1c066fb4
        [ 982000 ns] Test is running, debug_wb_pc = 0x1c067f54
----[ 989685 ns] Number 8'd41 Functional Test Point PASS!!!
        [ 992000 ns] Test is running, debug_wb_pc = 0x1c068ea8
        [1002000 ns] Test is running, debug_wb_pc = 0x1c069e48
----[1003715 ns] Number 8'd42 Functional Test Point PASS!!!
        [1012000 ns] Test is running, debug_wb_pc = 0x1c06ad9c
        [1022000 ns] Test is running, debug_wb_pc = 0x1c06bd3c
----[1024145 ns] Number 8'd43 Functional Test Point PASS!!!
        [1032000 ns] Test is running, debug_wb_pc = 0x1c06cc90
        [1042000 ns] Test is running, debug_wb_pc = 0x1c06dc30
----[1042015 ns] Number 8'd44 Functional Test Point PASS!!!
        [1052000 ns] Test is running, debug_wb_pc = 0x1c06eb84
        [1062000 ns] Test is running, debug_wb_pc = 0x1c06fb24
----[1063755 ns] Number 8'd45 Functional Test Point PASS!!!
        [1072000 ns] Test is running, debug_wb_pc = 0x1c070a7c
        [1082000 ns] Test is running, debug_wb_pc = 0x1c071a1c
----[1083595 ns] Number 8'd46 Functional Test Point PASS!!!
==============================================================
gettrace end!
----Succeed in generating trace file!
$finish called at time : 1083925 ns : File "C:/Users/Legion/Desktop/loongarch/mycpu_env/gettrace/src/tb_top.v" Line 224
run: Time (s): cpu = 00:00:10 ; elapsed = 00:00:24 . Memory (MB): peak = 935.918 ; gain = 0.000
close_sim
INFO: [Simtcl 6-16] Simulation closed
exit
INFO: [Common 17-206] Exiting Vivado at Wed Mar 27 10:12:05 2024...
