#-----------------------------------------------------------
# Vivado v2019.2 (64-bit)
# SW Build 2708876 on Wed Nov  6 21:40:23 MST 2019
# IP Build 2700528 on Thu Nov  7 00:09:20 MST 2019
# Start of session at: Thu Mar 14 12:13:30 2024
# Process ID: 17724
# Current directory: C:/Users/Legion/Desktop/loongarch/mycpu_env/gettrace
# Command line: vivado.exe -gui_launcher_event rodinguilauncherevent20060 C:\Users\Legion\Desktop\loongarch\mycpu_env\gettrace\gettrace.xpr
# Log file: C:/Users/Legion/Desktop/loongarch/mycpu_env/gettrace/vivado.log
# Journal file: C:/Users/Legion/Desktop/loongarch/mycpu_env/gettrace\vivado.jou
#-----------------------------------------------------------
start_gui
open_project C:/Users/Legion/Desktop/loongarch/mycpu_env/gettrace/gettrace.xpr
INFO: [Project 1-313] Project file moved from 'C:/work/CDP_EDE_local/mycpu_env/gettrace' since last save.
Scanning sources...
Finished scanning sources
WARNING: [filemgmt 56-2] IPUserFilesDir: Could not find the directory 'C:/Users/Legion/Desktop/loongarch/mycpu_env/gettrace/gettrace.ip_user_files', nor could it be found using path 'C:/work/CDP_EDE_local/mycpu_env/gettrace/gettrace.ip_user_files'.
INFO: [IP_Flow 19-234] Refreshing IP repositories
INFO: [IP_Flow 19-1704] No user IP repositories specified
INFO: [IP_Flow 19-2313] Loaded Vivado IP repository 'E:/Xilinx/Vivado/2019.2/data/ip'.
open_project: Time (s): cpu = 00:00:15 ; elapsed = 00:00:07 . Memory (MB): peak = 865.320 ; gain = 189.945
update_compile_order -fileset sources_1
launch_simulation
Command: launch_simulation 
INFO: [Vivado 12-5682] Launching behavioral simulation in 'C:/Users/Legion/Desktop/loongarch/mycpu_env/gettrace/gettrace.sim/sim_1/behav/xsim'
INFO: [SIM-utils-51] Simulation object is 'sim_1'
INFO: [SIM-utils-54] Inspecting design source files for 'tb_top' in fileset 'sim_1'...
INFO: [USF-XSim-97] Finding global include files...
INFO: [USF-XSim-98] Fetching design files from 'sim_1'...
INFO: [USF-XSim-2] XSim::Compile design
INFO: [USF-XSim-61] Executing 'COMPILE and ANALYZE' step in 'C:/Users/Legion/Desktop/loongarch/mycpu_env/gettrace/gettrace.sim/sim_1/behav/xsim'
"xvlog --incr --relax -prj tb_top_vlog.prj"
INFO: [VRFC 10-2263] Analyzing Verilog file "C:/Users/Legion/Desktop/loongarch/mycpu_env/gettrace/src/myCPU/SimpleLACoreWrapRAM.v" into library xil_defaultlib
INFO: [VRFC 10-311] analyzing module SimpleLACore
INFO: [VRFC 10-311] analyzing module SimpleLACoreWrapRAM
INFO: [VRFC 10-2263] Analyzing Verilog file "C:/Users/Legion/Desktop/loongarch/mycpu_env/gettrace/src/BRIDGE/bridge_1x2.v" into library xil_defaultlib
INFO: [VRFC 10-311] analyzing module bridge_1x2
INFO: [VRFC 10-2263] Analyzing Verilog file "C:/Users/Legion/Desktop/loongarch/mycpu_env/gettrace/src/CONFREG/confreg.v" into library xil_defaultlib
INFO: [VRFC 10-311] analyzing module confreg
INFO: [VRFC 10-2263] Analyzing Verilog file "C:/Users/Legion/Desktop/loongarch/mycpu_env/gettrace/src/soc_lite_top.v" into library xil_defaultlib
INFO: [VRFC 10-311] analyzing module soc_lite_top
INFO: [VRFC 10-2263] Analyzing Verilog file "C:/Users/Legion/Desktop/loongarch/mycpu_env/gettrace/src/tb_top.v" into library xil_defaultlib
INFO: [VRFC 10-311] analyzing module tb_top
INFO: [VRFC 10-2263] Analyzing Verilog file "C:/Users/Legion/Desktop/loongarch/mycpu_env/gettrace/gettrace.sim/sim_1/behav/xsim/glbl.v" into library xil_defaultlib
INFO: [VRFC 10-311] analyzing module glbl
INFO: [USF-XSim-69] 'compile' step finished in '2' seconds
INFO: [USF-XSim-3] XSim::Elaborate design
INFO: [USF-XSim-61] Executing 'ELABORATE' step in 'C:/Users/Legion/Desktop/loongarch/mycpu_env/gettrace/gettrace.sim/sim_1/behav/xsim'
"xelab -wto f64dd51de259492d93bd1922eb923ed9 --incr --debug typical --relax --mt 2 -L xil_defaultlib -L unisims_ver -L unimacro_ver -L secureip --snapshot tb_top_behav xil_defaultlib.tb_top xil_defaultlib.glbl -log elaborate.log"
Vivado Simulator 2019.2
Copyright 1986-1999, 2001-2019 Xilinx, Inc. All Rights Reserved.
Running: E:/Xilinx/Vivado/2019.2/bin/unwrapped/win64.o/xelab.exe -wto f64dd51de259492d93bd1922eb923ed9 --incr --debug typical --relax --mt 2 -L xil_defaultlib -L unisims_ver -L unimacro_ver -L secureip --snapshot tb_top_behav xil_defaultlib.tb_top xil_defaultlib.glbl -log elaborate.log 
Using 2 slave threads.
Starting static elaboration
Pass Through NonSizing Optimizer
Completed static elaboration
Starting simulation data flow analysis
WARNING: [XSIM 43-4099] "C:/Users/Legion/Desktop/loongarch/mycpu_env/gettrace/src/soc_lite_top.v" Line 60. Module soc_lite_top(SIMULATION=1'b1) doesn't have a timescale but at least one module in design has a timescale.
WARNING: [XSIM 43-4099] "C:/Users/Legion/Desktop/loongarch/mycpu_env/gettrace/src/myCPU/SimpleLACoreWrapRAM.v" Line 6725. Module SimpleLACoreWrapRAM doesn't have a timescale but at least one module in design has a timescale.
WARNING: [XSIM 43-4099] "C:/Users/Legion/Desktop/loongarch/mycpu_env/gettrace/src/myCPU/SimpleLACoreWrapRAM.v" Line 1. Module SimpleLACore doesn't have a timescale but at least one module in design has a timescale.
WARNING: [XSIM 43-4099] "C:/Users/Legion/Desktop/loongarch/mycpu_env/gettrace/src/BRIDGE/bridge_1x2.v" Line 50. Module bridge_1x2 doesn't have a timescale but at least one module in design has a timescale.
WARNING: [XSIM 43-4099] "C:/Users/Legion/Desktop/loongarch/mycpu_env/gettrace/src/CONFREG/confreg.v" Line 74. Module confreg(SIMULATION=1'b1) doesn't have a timescale but at least one module in design has a timescale.
Completed simulation data flow analysis
Time Resolution for simulation is 1ps
Compiling module xil_defaultlib.SimpleLACore
Compiling module xil_defaultlib.SimpleLACoreWrapRAM
Compiling module xil_defaultlib.bridge_1x2
Compiling module xil_defaultlib.confreg(SIMULATION=1'b1)
Compiling module xil_defaultlib.soc_lite_top(SIMULATION=1'b1)
Compiling module xil_defaultlib.tb_top
Compiling module xil_defaultlib.glbl
Built simulation snapshot tb_top_behav

****** Webtalk v2019.2 (64-bit)
  **** SW Build 2708876 on Wed Nov  6 21:40:23 MST 2019
  **** IP Build 2700528 on Thu Nov  7 00:09:20 MST 2019
    ** Copyright 1986-2019 Xilinx, Inc. All Rights Reserved.

source C:/Users/Legion/Desktop/loongarch/mycpu_env/gettrace/gettrace.sim/sim_1/behav/xsim/xsim.dir/tb_top_behav/webtalk/xsim_webtalk.tcl -notrace
INFO: [Common 17-206] Exiting Webtalk at Thu Mar 14 12:14:29 2024...
run_program: Time (s): cpu = 00:00:01 ; elapsed = 00:00:08 . Memory (MB): peak = 892.098 ; gain = 0.000
INFO: [USF-XSim-69] 'elaborate' step finished in '8' seconds
INFO: [USF-XSim-4] XSim::Simulate design
INFO: [USF-XSim-61] Executing 'SIMULATE' step in 'C:/Users/Legion/Desktop/loongarch/mycpu_env/gettrace/gettrace.sim/sim_1/behav/xsim'
INFO: [USF-XSim-98] *** Running xsim
   with args "tb_top_behav -key {Behavioral:sim_1:Functional:tb_top} -tclbatch {tb_top.tcl} -log {simulate.log}"
INFO: [USF-XSim-8] Loading simulator feature
Vivado Simulator 2019.2
Time resolution is 1 ps
source tb_top.tcl
# set curr_wave [current_wave_config]
# if { [string length $curr_wave] == 0 } {
#   if { [llength [get_objects]] > 0} {
#     add_wave /
#     set_property needs_save false [current_wave_config]
#   } else {
#      send_msg_id Add_Wave-1 WARNING "No top level signals found. Simulator will start without a wave window. If you want to open a wave window go to 'File->New Waveform Configuration' or type 'create_wave_config' in the TCL console."
#   }
# }
# run 1000ns
WARNING: File ../../../../../func/obj/inst_ram.mif referenced on C:/Users/Legion/Desktop/loongarch/mycpu_env/gettrace/src/soc_lite_top.v at line 189 cannot be opened for reading. Please ensure that this file is available in the current working directory.
INFO: [USF-XSim-96] XSim completed. Design snapshot 'tb_top_behav' loaded.
INFO: [USF-XSim-97] XSim simulation ran for 1000ns
launch_simulation: Time (s): cpu = 00:00:09 ; elapsed = 00:00:14 . Memory (MB): peak = 904.184 ; gain = 12.086
run 10 us
==============================================================
Test begin!
run 10 us
run 10 us
        [  22000 ns] Test is running, debug_wb_pc = 0x1c000000
close_sim
INFO: [Simtcl 6-16] Simulation closed
launch_simulation
Command: launch_simulation 
INFO: [Vivado 12-5682] Launching behavioral simulation in 'C:/Users/Legion/Desktop/loongarch/mycpu_env/gettrace/gettrace.sim/sim_1/behav/xsim'
INFO: [SIM-utils-51] Simulation object is 'sim_1'
INFO: [SIM-utils-54] Inspecting design source files for 'tb_top' in fileset 'sim_1'...
INFO: [USF-XSim-97] Finding global include files...
INFO: [USF-XSim-98] Fetching design files from 'sim_1'...
INFO: [USF-XSim-2] XSim::Compile design
INFO: [USF-XSim-61] Executing 'COMPILE and ANALYZE' step in 'C:/Users/Legion/Desktop/loongarch/mycpu_env/gettrace/gettrace.sim/sim_1/behav/xsim'
"xvlog --incr --relax -prj tb_top_vlog.prj"
INFO: [USF-XSim-69] 'compile' step finished in '1' seconds
INFO: [USF-XSim-3] XSim::Elaborate design
INFO: [USF-XSim-61] Executing 'ELABORATE' step in 'C:/Users/Legion/Desktop/loongarch/mycpu_env/gettrace/gettrace.sim/sim_1/behav/xsim'
"xelab -wto f64dd51de259492d93bd1922eb923ed9 --incr --debug typical --relax --mt 2 -L xil_defaultlib -L unisims_ver -L unimacro_ver -L secureip --snapshot tb_top_behav xil_defaultlib.tb_top xil_defaultlib.glbl -log elaborate.log"
Vivado Simulator 2019.2
Copyright 1986-1999, 2001-2019 Xilinx, Inc. All Rights Reserved.
Running: E:/Xilinx/Vivado/2019.2/bin/unwrapped/win64.o/xelab.exe -wto f64dd51de259492d93bd1922eb923ed9 --incr --debug typical --relax --mt 2 -L xil_defaultlib -L unisims_ver -L unimacro_ver -L secureip --snapshot tb_top_behav xil_defaultlib.tb_top xil_defaultlib.glbl -log elaborate.log 
Using 2 slave threads.
Starting static elaboration
Pass Through NonSizing Optimizer
Completed static elaboration
INFO: [XSIM 43-4323] No Change in HDL. Linking previously generated obj files to create kernel
INFO: [USF-XSim-69] 'elaborate' step finished in '2' seconds
INFO: [USF-XSim-4] XSim::Simulate design
INFO: [USF-XSim-61] Executing 'SIMULATE' step in 'C:/Users/Legion/Desktop/loongarch/mycpu_env/gettrace/gettrace.sim/sim_1/behav/xsim'
INFO: [USF-XSim-98] *** Running xsim
   with args "tb_top_behav -key {Behavioral:sim_1:Functional:tb_top} -tclbatch {tb_top.tcl} -log {simulate.log}"
INFO: [USF-XSim-8] Loading simulator feature
Vivado Simulator 2019.2
Time resolution is 1 ps
source tb_top.tcl
# set curr_wave [current_wave_config]
# if { [string length $curr_wave] == 0 } {
#   if { [llength [get_objects]] > 0} {
#     add_wave /
#     set_property needs_save false [current_wave_config]
#   } else {
#      send_msg_id Add_Wave-1 WARNING "No top level signals found. Simulator will start without a wave window. If you want to open a wave window go to 'File->New Waveform Configuration' or type 'create_wave_config' in the TCL console."
#   }
# }
# run 1000ns
INFO: [USF-XSim-96] XSim completed. Design snapshot 'tb_top_behav' loaded.
INFO: [USF-XSim-97] XSim simulation ran for 1000ns
launch_simulation: Time (s): cpu = 00:00:04 ; elapsed = 00:00:06 . Memory (MB): peak = 1224.191 ; gain = 0.000
run all
==============================================================
Test begin!
----[  12075 ns] Number 8'd01 Functional Test Point PASS!!!
        [  22000 ns] Test is running, debug_wb_pc = 0x1c04c2fc
        [  32000 ns] Test is running, debug_wb_pc = 0x1c04d29c
----[  36425 ns] Number 8'd02 Functional Test Point PASS!!!
        [  42000 ns] Test is running, debug_wb_pc = 0x1c061ca0
        [  52000 ns] Test is running, debug_wb_pc = 0x1c062c40
----[  54755 ns] Number 8'd03 Functional Test Point PASS!!!
        [  62000 ns] Test is running, debug_wb_pc = 0x1c07309c
        [  72000 ns] Test is running, debug_wb_pc = 0x1c07403c
----[  79105 ns] Number 8'd04 Functional Test Point PASS!!!
        [  82000 ns] Test is running, debug_wb_pc = 0x1c0769a0
        [  92000 ns] Test is running, debug_wb_pc = 0x1c077940
        [ 102000 ns] Test is running, debug_wb_pc = 0x1c0788e0
----[ 103455 ns] Number 8'd05 Functional Test Point PASS!!!
        [ 112000 ns] Test is running, debug_wb_pc = 0x1c079f74
        [ 122000 ns] Test is running, debug_wb_pc = 0x1c07af14
----[ 127805 ns] Number 8'd06 Functional Test Point PASS!!!
        [ 132000 ns] Test is running, debug_wb_pc = 0x1c07d488
        [ 142000 ns] Test is running, debug_wb_pc = 0x1c07e428
        [ 152000 ns] Test is running, debug_wb_pc = 0x1c07f3c8
----[ 152155 ns] Number 8'd07 Functional Test Point PASS!!!
        [ 162000 ns] Test is running, debug_wb_pc = 0x1c0807c4
        [ 172000 ns] Test is running, debug_wb_pc = 0x1c081764
----[ 176505 ns] Number 8'd08 Functional Test Point PASS!!!
        [ 182000 ns] Test is running, debug_wb_pc = 0x1c0826b8
        [ 192000 ns] Test is running, debug_wb_pc = 0x1c083658
----[ 200855 ns] Number 8'd09 Functional Test Point PASS!!!
        [ 202000 ns] Test is running, debug_wb_pc = 0x1c010a04
        [ 212000 ns] Test is running, debug_wb_pc = 0x1c0119a4
        [ 222000 ns] Test is running, debug_wb_pc = 0x1c012944
----[ 225205 ns] Number 8'd10 Functional Test Point PASS!!!
        [ 232000 ns] Test is running, debug_wb_pc = 0x1c013898
        [ 242000 ns] Test is running, debug_wb_pc = 0x1c014838
----[ 243535 ns] Number 8'd11 Functional Test Point PASS!!!
        [ 252000 ns] Test is running, debug_wb_pc = 0x1c01578c
----[ 261865 ns] Number 8'd12 Functional Test Point PASS!!!
        [ 262000 ns] Test is running, debug_wb_pc = 0x1c0103b0
        [ 272000 ns] Test is running, debug_wb_pc = 0x1c017680
----[ 280195 ns] Number 8'd13 Functional Test Point PASS!!!
        [ 282000 ns] Test is running, debug_wb_pc = 0x1c0185d4
----[ 290705 ns] Number 8'd14 Functional Test Point PASS!!!
        [ 292000 ns] Test is running, debug_wb_pc = 0x1c019528
        [ 302000 ns] Test is running, debug_wb_pc = 0x1c01a4c8
----[ 302015 ns] Number 8'd15 Functional Test Point PASS!!!
        [ 312000 ns] Test is running, debug_wb_pc = 0x1c01b8f4
        [ 322000 ns] Test is running, debug_wb_pc = 0x1c01cd44
        [ 332000 ns] Test is running, debug_wb_pc = 0x1c01de34
        [ 342000 ns] Test is running, debug_wb_pc = 0x1c01ef3c
        [ 352000 ns] Test is running, debug_wb_pc = 0x1c0202f4
        [ 362000 ns] Test is running, debug_wb_pc = 0x1c021784
----[ 363515 ns] Number 8'd16 Functional Test Point PASS!!!
        [ 372000 ns] Test is running, debug_wb_pc = 0x1c02289c
        [ 382000 ns] Test is running, debug_wb_pc = 0x1c0239a4
        [ 392000 ns] Test is running, debug_wb_pc = 0x1c024c7c
        [ 402000 ns] Test is running, debug_wb_pc = 0x1c02610c
        [ 412000 ns] Test is running, debug_wb_pc = 0x1c027354
        [ 422000 ns] Test is running, debug_wb_pc = 0x1c028454
----[ 428975 ns] Number 8'd17 Functional Test Point PASS!!!
        [ 432000 ns] Test is running, debug_wb_pc = 0x1c029504
        [ 442000 ns] Test is running, debug_wb_pc = 0x1c02a5d4
        [ 452000 ns] Test is running, debug_wb_pc = 0x1c02b6ac
        [ 462000 ns] Test is running, debug_wb_pc = 0x1c02c77c
        [ 472000 ns] Test is running, debug_wb_pc = 0x1c02d854
----[ 481245 ns] Number 8'd18 Functional Test Point PASS!!!
        [ 482000 ns] Test is running, debug_wb_pc = 0x1c02e8d0
        [ 492000 ns] Test is running, debug_wb_pc = 0x1c02f9c0
        [ 502000 ns] Test is running, debug_wb_pc = 0x1c030aa4
        [ 512000 ns] Test is running, debug_wb_pc = 0x1c031b98
        [ 522000 ns] Test is running, debug_wb_pc = 0x1c032c88
----[ 529515 ns] Number 8'd19 Functional Test Point PASS!!!
        [ 532000 ns] Test is running, debug_wb_pc = 0x1c034c8c
        [ 542000 ns] Test is running, debug_wb_pc = 0x1c035dd4
        [ 552000 ns] Test is running, debug_wb_pc = 0x1c036f14
        [ 562000 ns] Test is running, debug_wb_pc = 0x1c03805c
----[ 567785 ns] Number 8'd20 Functional Test Point PASS!!!
        [ 572000 ns] Test is running, debug_wb_pc = 0x1c0390a8
        [ 582000 ns] Test is running, debug_wb_pc = 0x1c03a038
        [ 592000 ns] Test is running, debug_wb_pc = 0x1c03afd8
----[ 595145 ns] Number 8'd21 Functional Test Point PASS!!!
        [ 602000 ns] Test is running, debug_wb_pc = 0x1c03bf38
        [ 612000 ns] Test is running, debug_wb_pc = 0x1c03ced8
----[ 613475 ns] Number 8'd22 Functional Test Point PASS!!!
        [ 622000 ns] Test is running, debug_wb_pc = 0x1c03de2c
----[ 631805 ns] Number 8'd23 Functional Test Point PASS!!!
        [ 632000 ns] Test is running, debug_wb_pc = 0x1c03ed80
        [ 642000 ns] Test is running, debug_wb_pc = 0x1c03fd20
----[ 650135 ns] Number 8'd24 Functional Test Point PASS!!!
        [ 652000 ns] Test is running, debug_wb_pc = 0x1c040c74
        [ 662000 ns] Test is running, debug_wb_pc = 0x1c041c14
----[ 668465 ns] Number 8'd25 Functional Test Point PASS!!!
        [ 672000 ns] Test is running, debug_wb_pc = 0x1c042b68
        [ 682000 ns] Test is running, debug_wb_pc = 0x1c043b08
----[ 686795 ns] Number 8'd26 Functional Test Point PASS!!!
        [ 692000 ns] Test is running, debug_wb_pc = 0x1c044a5c
        [ 702000 ns] Test is running, debug_wb_pc = 0x1c0459fc
----[ 711145 ns] Number 8'd27 Functional Test Point PASS!!!
        [ 712000 ns] Test is running, debug_wb_pc = 0x1c046950
        [ 722000 ns] Test is running, debug_wb_pc = 0x1c0478f0
        [ 732000 ns] Test is running, debug_wb_pc = 0x1c048890
----[ 735495 ns] Number 8'd28 Functional Test Point PASS!!!
        [ 742000 ns] Test is running, debug_wb_pc = 0x1c0497e4
        [ 752000 ns] Test is running, debug_wb_pc = 0x1c04a784
----[ 759845 ns] Number 8'd29 Functional Test Point PASS!!!
        [ 762000 ns] Test is running, debug_wb_pc = 0x1c04dc98
----[ 768615 ns] Number 8'd30 Functional Test Point PASS!!!
        [ 772000 ns] Test is running, debug_wb_pc = 0x1c04ebec
----[ 781255 ns] Number 8'd31 Functional Test Point PASS!!!
        [ 782000 ns] Test is running, debug_wb_pc = 0x1c04fb44
        [ 792000 ns] Test is running, debug_wb_pc = 0x1c050ae4
----[ 793645 ns] Number 8'd32 Functional Test Point PASS!!!
        [ 802000 ns] Test is running, debug_wb_pc = 0x1c051a38
----[ 806175 ns] Number 8'd33 Functional Test Point PASS!!!
        [ 812000 ns] Test is running, debug_wb_pc = 0x1c05298c
----[ 817545 ns] Number 8'd34 Functional Test Point PASS!!!
        [ 822000 ns] Test is running, debug_wb_pc = 0x1c0538e0
----[ 827505 ns] Number 8'd35 Functional Test Point PASS!!!
        [ 832000 ns] Test is running, debug_wb_pc = 0x1c054838
----[ 841845 ns] Number 8'd36 Functional Test Point PASS!!!
        [ 842000 ns] Test is running, debug_wb_pc = 0x1c0103b8
        [ 852000 ns] Test is running, debug_wb_pc = 0x1c056b20
        [ 862000 ns] Test is running, debug_wb_pc = 0x1c057eb4
        [ 872000 ns] Test is running, debug_wb_pc = 0x1c059288
----[ 873995 ns] Number 8'd37 Functional Test Point PASS!!!
        [ 882000 ns] Test is running, debug_wb_pc = 0x1c05a624
        [ 892000 ns] Test is running, debug_wb_pc = 0x1c05ba04
        [ 902000 ns] Test is running, debug_wb_pc = 0x1c05cd64
----[ 905975 ns] Number 8'd38 Functional Test Point PASS!!!
        [ 912000 ns] Test is running, debug_wb_pc = 0x1c05e06c
        [ 922000 ns] Test is running, debug_wb_pc = 0x1c05f434
        [ 932000 ns] Test is running, debug_wb_pc = 0x1c060774
----[ 938675 ns] Number 8'd39 Functional Test Point PASS!!!
        [ 942000 ns] Test is running, debug_wb_pc = 0x1c063698
        [ 952000 ns] Test is running, debug_wb_pc = 0x1c064a34
        [ 962000 ns] Test is running, debug_wb_pc = 0x1c065dfc
----[ 970715 ns] Number 8'd40 Functional Test Point PASS!!!
        [ 972000 ns] Test is running, debug_wb_pc = 0x1c067104
        [ 982000 ns] Test is running, debug_wb_pc = 0x1c0680a4
----[ 989705 ns] Number 8'd41 Functional Test Point PASS!!!
        [ 992000 ns] Test is running, debug_wb_pc = 0x1c068ff8
        [1002000 ns] Test is running, debug_wb_pc = 0x1c069f98
----[1003735 ns] Number 8'd42 Functional Test Point PASS!!!
        [1012000 ns] Test is running, debug_wb_pc = 0x1c06aeec
        [1022000 ns] Test is running, debug_wb_pc = 0x1c06be8c
----[1024165 ns] Number 8'd43 Functional Test Point PASS!!!
        [1032000 ns] Test is running, debug_wb_pc = 0x1c06cde0
        [1042000 ns] Test is running, debug_wb_pc = 0x1c06dd80
----[1042035 ns] Number 8'd44 Functional Test Point PASS!!!
        [1052000 ns] Test is running, debug_wb_pc = 0x1c06ecd4
        [1062000 ns] Test is running, debug_wb_pc = 0x1c06fc74
----[1063775 ns] Number 8'd45 Functional Test Point PASS!!!
        [1072000 ns] Test is running, debug_wb_pc = 0x1c070bcc
        [1082000 ns] Test is running, debug_wb_pc = 0x1c071b6c
----[1083615 ns] Number 8'd46 Functional Test Point PASS!!!
----[1087295 ns] Number 8'd47 Functional Test Point PASS!!!
----[1091165 ns] Number 8'd48 Functional Test Point PASS!!!
        [1092000 ns] Test is running, debug_wb_pc = 0x1c07210c
        [1102000 ns] Test is running, debug_wb_pc = 0x1c072158
        [1112000 ns] Test is running, debug_wb_pc = 0x1c072158
        [1122000 ns] Test is running, debug_wb_pc = 0x1c072158
        [1132000 ns] Test is running, debug_wb_pc = 0x1c072164
        [1142000 ns] Test is running, debug_wb_pc = 0x1c072164
        [1152000 ns] Test is running, debug_wb_pc = 0x1c072164
        [1162000 ns] Test is running, debug_wb_pc = 0x1c072164
        [1172000 ns] Test is running, debug_wb_pc = 0x1c072210
        [1182000 ns] Test is running, debug_wb_pc = 0x1c072210
        [1192000 ns] Test is running, debug_wb_pc = 0x1c072210
        [1202000 ns] Test is running, debug_wb_pc = 0x1c072210
        [1212000 ns] Test is running, debug_wb_pc = 0x1c07221c
        [1222000 ns] Test is running, debug_wb_pc = 0x1c07221c
        [1232000 ns] Test is running, debug_wb_pc = 0x1c07221c
        [1242000 ns] Test is running, debug_wb_pc = 0x1c07221c
        [1252000 ns] Test is running, debug_wb_pc = 0x1c0722c4
        [1262000 ns] Test is running, debug_wb_pc = 0x1c0722c4
        [1272000 ns] Test is running, debug_wb_pc = 0x1c0722c4
        [1282000 ns] Test is running, debug_wb_pc = 0x1c0722c4
        [1292000 ns] Test is running, debug_wb_pc = 0x1c0722d0
        [1302000 ns] Test is running, debug_wb_pc = 0x1c0722d0
        [1312000 ns] Test is running, debug_wb_pc = 0x1c0722d0
        [1322000 ns] Test is running, debug_wb_pc = 0x1c072350
        [1332000 ns] Test is running, debug_wb_pc = 0x1c072350
        [1342000 ns] Test is running, debug_wb_pc = 0x1c072350
        [1352000 ns] Test is running, debug_wb_pc = 0x1c072350
        [1362000 ns] Test is running, debug_wb_pc = 0x1c07235c
        [1372000 ns] Test is running, debug_wb_pc = 0x1c07235c
        [1382000 ns] Test is running, debug_wb_pc = 0x1c07235c
        [1392000 ns] Test is running, debug_wb_pc = 0x1c07235c
        [1402000 ns] Test is running, debug_wb_pc = 0x1c0723f4
        [1412000 ns] Test is running, debug_wb_pc = 0x1c0723f4
        [1422000 ns] Test is running, debug_wb_pc = 0x1c0723f4
        [1432000 ns] Test is running, debug_wb_pc = 0x1c0081c4
        [1442000 ns] Test is running, debug_wb_pc = 0x1c072400
        [1452000 ns] Test is running, debug_wb_pc = 0x1c072400
        [1462000 ns] Test is running, debug_wb_pc = 0x1c072400
        [1472000 ns] Test is running, debug_wb_pc = 0x1c072480
        [1482000 ns] Test is running, debug_wb_pc = 0x1c072480
        [1492000 ns] Test is running, debug_wb_pc = 0x1c072480
        [1502000 ns] Test is running, debug_wb_pc = 0x1c072480
        [1512000 ns] Test is running, debug_wb_pc = 0x1c07248c
        [1522000 ns] Test is running, debug_wb_pc = 0x1c07248c
        [1532000 ns] Test is running, debug_wb_pc = 0x1c07248c
        [1542000 ns] Test is running, debug_wb_pc = 0x1c07248c
        [1552000 ns] Test is running, debug_wb_pc = 0x1c072514
        [1562000 ns] Test is running, debug_wb_pc = 0x1c072514
        [1572000 ns] Test is running, debug_wb_pc = 0x1c072514
        [1582000 ns] Test is running, debug_wb_pc = 0x1c072514
        [1592000 ns] Test is running, debug_wb_pc = 0x1c072520
        [1602000 ns] Test is running, debug_wb_pc = 0x1c072520
        [1612000 ns] Test is running, debug_wb_pc = 0x1c072520
        [1622000 ns] Test is running, debug_wb_pc = 0x1c072570
----[1623175 ns] Number 8'd49 Functional Test Point PASS!!!
----[1627065 ns] Number 8'd50 Functional Test Point PASS!!!
        [1632000 ns] Test is running, debug_wb_pc = 0x1c00f078
----[1634835 ns] Number 8'd51 Functional Test Point PASS!!!
----[1640795 ns] Number 8'd52 Functional Test Point PASS!!!
        [1642000 ns] Test is running, debug_wb_pc = 0x1c008074
----[1646055 ns] Number 8'd53 Functional Test Point PASS!!!
----[1651315 ns] Number 8'd54 Functional Test Point PASS!!!
        [1652000 ns] Test is running, debug_wb_pc = 0x1c008280
----[1656585 ns] Number 8'd55 Functional Test Point PASS!!!
----[1661925 ns] Number 8'd56 Functional Test Point PASS!!!
        [1662000 ns] Test is running, debug_wb_pc = 0x1c010398
----[1667265 ns] Number 8'd57 Functional Test Point PASS!!!
----[1669665 ns] Number 8'd58 Functional Test Point PASS!!!
        [1672000 ns] Test is running, debug_wb_pc = 0x1c0107c0
----[1673315 ns] Number 8'd59 Functional Test Point PASS!!!
----[1678265 ns] Number 8'd60 Functional Test Point PASS!!!
----[1681395 ns] Number 8'd61 Functional Test Point PASS!!!
        [1682000 ns] Test is running, debug_wb_pc = 0x1c010564
----[1686905 ns] Number 8'd62 Functional Test Point PASS!!!
        [1692000 ns] Test is running, debug_wb_pc = 0x1c078df0
----[1692225 ns] Number 8'd63 Functional Test Point PASS!!!
----[1696795 ns] Number 8'd64 Functional Test Point PASS!!!
----[1701885 ns] Number 8'd65 Functional Test Point PASS!!!
        [1702000 ns] Test is running, debug_wb_pc = 0x1c0103a8
----[1706415 ns] Number 8'd66 Functional Test Point PASS!!!
----[1710755 ns] Number 8'd67 Functional Test Point PASS!!!
        [1712000 ns] Test is running, debug_wb_pc = 0x1c010664
----[1715125 ns] Number 8'd68 Functional Test Point PASS!!!
----[1719505 ns] Number 8'd69 Functional Test Point PASS!!!
----[1721025 ns] Number 8'd70 Functional Test Point PASS!!!
        [1722000 ns] Test is running, debug_wb_pc = 0x1c07bb20
        [1732000 ns] Test is running, debug_wb_pc = 0x1c008004
----[1732475 ns] Number 8'd71 Functional Test Point PASS!!!
----[1734215 ns] Number 8'd72 Functional Test Point PASS!!!
----[1735405 ns] Number 8'd73 Functional Test Point PASS!!!
----[1736415 ns] Number 8'd74 Functional Test Point PASS!!!
----[1737385 ns] Number 8'd75 Functional Test Point PASS!!!
----[1738315 ns] Number 8'd76 Functional Test Point PASS!!!
----[1740525 ns] Number 8'd77 Functional Test Point PASS!!!
        [1742000 ns] Test is running, debug_wb_pc = 0x1c07ccb8
----[1742705 ns] Number 8'd78 Functional Test Point PASS!!!
----[1744325 ns] Number 8'd79 Functional Test Point PASS!!!
        [1752000 ns] Test is running, debug_wb_pc = 0x1c07f5e0
----[1754525 ns] Number 8'd80 Functional Test Point PASS!!!
----[1756035 ns] Number 8'd81 Functional Test Point PASS!!!
==============================================================
gettrace end!
----Succeed in generating trace file!
$finish called at time : 1756365 ns : File "C:/Users/Legion/Desktop/loongarch/mycpu_env/gettrace/src/tb_top.v" Line 224
run: Time (s): cpu = 00:00:15 ; elapsed = 00:00:32 . Memory (MB): peak = 1224.191 ; gain = 0.000
close_sim
INFO: [Simtcl 6-16] Simulation closed
exit
INFO: [Common 17-206] Exiting Vivado at Thu Mar 14 12:22:38 2024...
