#-----------------------------------------------------------
# Vivado v2019.2 (64-bit)
# SW Build 2708876 on Wed Nov  6 21:40:23 MST 2019
# IP Build 2700528 on Thu Nov  7 00:09:20 MST 2019
# Start of session at: Tue Mar 26 11:37:21 2024
# Process ID: 11200
# Current directory: C:/Users/Legion/Desktop/loongarch/mycpu_env/gettrace
# Command line: vivado.exe -gui_launcher_event rodinguilauncherevent13352 C:\Users\Legion\Desktop\loongarch\mycpu_env\gettrace\gettrace.xpr
# Log file: C:/Users/Legion/Desktop/loongarch/mycpu_env/gettrace/vivado.log
# Journal file: C:/Users/Legion/Desktop/loongarch/mycpu_env/gettrace\vivado.jou
#-----------------------------------------------------------
start_gui
open_project C:/Users/Legion/Desktop/loongarch/mycpu_env/gettrace/gettrace.xpr
Scanning sources...
Finished scanning sources
INFO: [IP_Flow 19-234] Refreshing IP repositories
INFO: [IP_Flow 19-1704] No user IP repositories specified
INFO: [IP_Flow 19-2313] Loaded Vivado IP repository 'E:/Xilinx/Vivado/2019.2/data/ip'.
open_project: Time (s): cpu = 00:00:12 ; elapsed = 00:00:06 . Memory (MB): peak = 908.586 ; gain = 243.602
update_compile_order -fileset sources_1
launch_simulation
Command: launch_simulation 
INFO: [Vivado 12-5682] Launching behavioral simulation in 'C:/Users/Legion/Desktop/loongarch/mycpu_env/gettrace/gettrace.sim/sim_1/behav/xsim'
INFO: [SIM-utils-51] Simulation object is 'sim_1'
INFO: [SIM-utils-54] Inspecting design source files for 'tb_top' in fileset 'sim_1'...
INFO: [USF-XSim-97] Finding global include files...
INFO: [USF-XSim-98] Fetching design files from 'sim_1'...
INFO: [USF-XSim-2] XSim::Compile design
INFO: [USF-XSim-61] Executing 'COMPILE and ANALYZE' step in 'C:/Users/Legion/Desktop/loongarch/mycpu_env/gettrace/gettrace.sim/sim_1/behav/xsim'
"xvlog --incr --relax -prj tb_top_vlog.prj"
INFO: [USF-XSim-69] 'compile' step finished in '1' seconds
INFO: [USF-XSim-3] XSim::Elaborate design
INFO: [USF-XSim-61] Executing 'ELABORATE' step in 'C:/Users/Legion/Desktop/loongarch/mycpu_env/gettrace/gettrace.sim/sim_1/behav/xsim'
"xelab -wto f64dd51de259492d93bd1922eb923ed9 --incr --debug typical --relax --mt 2 -L xil_defaultlib -L unisims_ver -L unimacro_ver -L secureip --snapshot tb_top_behav xil_defaultlib.tb_top xil_defaultlib.glbl -log elaborate.log"
Vivado Simulator 2019.2
Copyright 1986-1999, 2001-2019 Xilinx, Inc. All Rights Reserved.
Running: E:/Xilinx/Vivado/2019.2/bin/unwrapped/win64.o/xelab.exe -wto f64dd51de259492d93bd1922eb923ed9 --incr --debug typical --relax --mt 2 -L xil_defaultlib -L unisims_ver -L unimacro_ver -L secureip --snapshot tb_top_behav xil_defaultlib.tb_top xil_defaultlib.glbl -log elaborate.log 
Using 2 slave threads.
Starting static elaboration
Pass Through NonSizing Optimizer
Completed static elaboration
INFO: [XSIM 43-4323] No Change in HDL. Linking previously generated obj files to create kernel
INFO: [USF-XSim-69] 'elaborate' step finished in '2' seconds
INFO: [USF-XSim-4] XSim::Simulate design
INFO: [USF-XSim-61] Executing 'SIMULATE' step in 'C:/Users/Legion/Desktop/loongarch/mycpu_env/gettrace/gettrace.sim/sim_1/behav/xsim'
INFO: [USF-XSim-98] *** Running xsim
   with args "tb_top_behav -key {Behavioral:sim_1:Functional:tb_top} -tclbatch {tb_top.tcl} -log {simulate.log}"
INFO: [USF-XSim-8] Loading simulator feature
Vivado Simulator 2019.2
Time resolution is 1 ps
source tb_top.tcl
# set curr_wave [current_wave_config]
# if { [string length $curr_wave] == 0 } {
#   if { [llength [get_objects]] > 0} {
#     add_wave /
#     set_property needs_save false [current_wave_config]
#   } else {
#      send_msg_id Add_Wave-1 WARNING "No top level signals found. Simulator will start without a wave window. If you want to open a wave window go to 'File->New Waveform Configuration' or type 'create_wave_config' in the TCL console."
#   }
# }
# run 1000ns
INFO: [USF-XSim-96] XSim completed. Design snapshot 'tb_top_behav' loaded.
INFO: [USF-XSim-97] XSim simulation ran for 1000ns
launch_simulation: Time (s): cpu = 00:00:07 ; elapsed = 00:00:07 . Memory (MB): peak = 934.695 ; gain = 5.773
restart
INFO: [Simtcl 6-17] Simulation restarted
run all
==============================================================
Test begin!
----[  12055 ns] Number 8'd01 Functional Test Point PASS!!!
        [  22000 ns] Test is running, debug_wb_pc = 0x1c04c15c
        [  32000 ns] Test is running, debug_wb_pc = 0x1c04d0fc
----[  36405 ns] Number 8'd02 Functional Test Point PASS!!!
        [  42000 ns] Test is running, debug_wb_pc = 0x1c055e68
        [  52000 ns] Test is running, debug_wb_pc = 0x1c056e08
----[  54735 ns] Number 8'd03 Functional Test Point PASS!!!
        [  62000 ns] Test is running, debug_wb_pc = 0x1c057d5c
        [  72000 ns] Test is running, debug_wb_pc = 0x1c058cfc
----[  79085 ns] Number 8'd04 Functional Test Point PASS!!!
        [  82000 ns] Test is running, debug_wb_pc = 0x1c059c50
        [  92000 ns] Test is running, debug_wb_pc = 0x1c05abf0
        [ 102000 ns] Test is running, debug_wb_pc = 0x1c05bb90
----[ 103435 ns] Number 8'd05 Functional Test Point PASS!!!
        [ 112000 ns] Test is running, debug_wb_pc = 0x1c05cae4
        [ 122000 ns] Test is running, debug_wb_pc = 0x1c05da84
----[ 127785 ns] Number 8'd06 Functional Test Point PASS!!!
        [ 132000 ns] Test is running, debug_wb_pc = 0x1c05e9d8
        [ 142000 ns] Test is running, debug_wb_pc = 0x1c05f978
        [ 152000 ns] Test is running, debug_wb_pc = 0x1c060918
----[ 152135 ns] Number 8'd07 Functional Test Point PASS!!!
        [ 162000 ns] Test is running, debug_wb_pc = 0x1c06186c
        [ 172000 ns] Test is running, debug_wb_pc = 0x1c06280c
----[ 176485 ns] Number 8'd08 Functional Test Point PASS!!!
        [ 182000 ns] Test is running, debug_wb_pc = 0x1c063760
        [ 192000 ns] Test is running, debug_wb_pc = 0x1c064700
----[ 200835 ns] Number 8'd09 Functional Test Point PASS!!!
        [ 202000 ns] Test is running, debug_wb_pc = 0x1c010864
        [ 212000 ns] Test is running, debug_wb_pc = 0x1c011804
        [ 222000 ns] Test is running, debug_wb_pc = 0x1c0127a4
----[ 225185 ns] Number 8'd10 Functional Test Point PASS!!!
        [ 232000 ns] Test is running, debug_wb_pc = 0x1c0136f8
        [ 242000 ns] Test is running, debug_wb_pc = 0x1c014698
----[ 243515 ns] Number 8'd11 Functional Test Point PASS!!!
        [ 252000 ns] Test is running, debug_wb_pc = 0x1c0155ec
----[ 261845 ns] Number 8'd12 Functional Test Point PASS!!!
        [ 262000 ns] Test is running, debug_wb_pc = 0x1c010210
        [ 272000 ns] Test is running, debug_wb_pc = 0x1c0174e0
----[ 280175 ns] Number 8'd13 Functional Test Point PASS!!!
        [ 282000 ns] Test is running, debug_wb_pc = 0x1c018434
----[ 290685 ns] Number 8'd14 Functional Test Point PASS!!!
        [ 292000 ns] Test is running, debug_wb_pc = 0x1c019388
----[ 301995 ns] Number 8'd15 Functional Test Point PASS!!!
        [ 302000 ns] Test is running, debug_wb_pc = 0x1c0100c4
        [ 312000 ns] Test is running, debug_wb_pc = 0x1c01b754
        [ 322000 ns] Test is running, debug_wb_pc = 0x1c01cba4
        [ 332000 ns] Test is running, debug_wb_pc = 0x1c01dc94
        [ 342000 ns] Test is running, debug_wb_pc = 0x1c01ed9c
        [ 352000 ns] Test is running, debug_wb_pc = 0x1c020154
        [ 362000 ns] Test is running, debug_wb_pc = 0x1c0215e4
----[ 363495 ns] Number 8'd16 Functional Test Point PASS!!!
        [ 372000 ns] Test is running, debug_wb_pc = 0x1c0226fc
        [ 382000 ns] Test is running, debug_wb_pc = 0x1c0237e0
        [ 392000 ns] Test is running, debug_wb_pc = 0x1c024adc
        [ 402000 ns] Test is running, debug_wb_pc = 0x1c025f6c
        [ 412000 ns] Test is running, debug_wb_pc = 0x1c0271c4
        [ 422000 ns] Test is running, debug_wb_pc = 0x1c0282b4
----[ 428955 ns] Number 8'd17 Functional Test Point PASS!!!
        [ 432000 ns] Test is running, debug_wb_pc = 0x1c029364
        [ 442000 ns] Test is running, debug_wb_pc = 0x1c02a448
        [ 452000 ns] Test is running, debug_wb_pc = 0x1c02b50c
        [ 462000 ns] Test is running, debug_wb_pc = 0x1c02c5dc
        [ 472000 ns] Test is running, debug_wb_pc = 0x1c02d6b4
----[ 481225 ns] Number 8'd18 Functional Test Point PASS!!!
        [ 482000 ns] Test is running, debug_wb_pc = 0x1c02e730
        [ 492000 ns] Test is running, debug_wb_pc = 0x1c02f820
        [ 502000 ns] Test is running, debug_wb_pc = 0x1c030910
        [ 512000 ns] Test is running, debug_wb_pc = 0x1c0319f8
        [ 522000 ns] Test is running, debug_wb_pc = 0x1c032ae8
----[ 529495 ns] Number 8'd19 Functional Test Point PASS!!!
        [ 532000 ns] Test is running, debug_wb_pc = 0x1c034aec
        [ 542000 ns] Test is running, debug_wb_pc = 0x1c035c34
        [ 552000 ns] Test is running, debug_wb_pc = 0x1c036d74
        [ 562000 ns] Test is running, debug_wb_pc = 0x1c037ebc
----[ 567765 ns] Number 8'd20 Functional Test Point PASS!!!
        [ 572000 ns] Test is running, debug_wb_pc = 0x1c038ef8
        [ 582000 ns] Test is running, debug_wb_pc = 0x1c039ea0
        [ 592000 ns] Test is running, debug_wb_pc = 0x1c03ae40
----[ 595125 ns] Number 8'd21 Functional Test Point PASS!!!
        [ 602000 ns] Test is running, debug_wb_pc = 0x1c03bd98
        [ 612000 ns] Test is running, debug_wb_pc = 0x1c03cd38
----[ 613455 ns] Number 8'd22 Functional Test Point PASS!!!
        [ 622000 ns] Test is running, debug_wb_pc = 0x1c03dc8c
----[ 631785 ns] Number 8'd23 Functional Test Point PASS!!!
        [ 632000 ns] Test is running, debug_wb_pc = 0x1c03ebe0
        [ 642000 ns] Test is running, debug_wb_pc = 0x1c03fb80
----[ 650115 ns] Number 8'd24 Functional Test Point PASS!!!
        [ 652000 ns] Test is running, debug_wb_pc = 0x1c040ad4
        [ 662000 ns] Test is running, debug_wb_pc = 0x1c041a74
----[ 668445 ns] Number 8'd25 Functional Test Point PASS!!!
        [ 672000 ns] Test is running, debug_wb_pc = 0x1c0429c8
        [ 682000 ns] Test is running, debug_wb_pc = 0x1c043968
----[ 686775 ns] Number 8'd26 Functional Test Point PASS!!!
        [ 692000 ns] Test is running, debug_wb_pc = 0x1c0448bc
        [ 702000 ns] Test is running, debug_wb_pc = 0x1c04585c
----[ 711125 ns] Number 8'd27 Functional Test Point PASS!!!
        [ 712000 ns] Test is running, debug_wb_pc = 0x1c0467b0
        [ 722000 ns] Test is running, debug_wb_pc = 0x1c047750
        [ 732000 ns] Test is running, debug_wb_pc = 0x1c0486f0
----[ 735475 ns] Number 8'd28 Functional Test Point PASS!!!
        [ 742000 ns] Test is running, debug_wb_pc = 0x1c049644
        [ 752000 ns] Test is running, debug_wb_pc = 0x1c04a5e4
----[ 759825 ns] Number 8'd29 Functional Test Point PASS!!!
        [ 762000 ns] Test is running, debug_wb_pc = 0x1c04daf8
----[ 768595 ns] Number 8'd30 Functional Test Point PASS!!!
        [ 772000 ns] Test is running, debug_wb_pc = 0x1c04ea4c
----[ 781235 ns] Number 8'd31 Functional Test Point PASS!!!
        [ 782000 ns] Test is running, debug_wb_pc = 0x1c04f9a4
        [ 792000 ns] Test is running, debug_wb_pc = 0x1c050944
----[ 793625 ns] Number 8'd32 Functional Test Point PASS!!!
        [ 802000 ns] Test is running, debug_wb_pc = 0x1c051898
----[ 806155 ns] Number 8'd33 Functional Test Point PASS!!!
        [ 812000 ns] Test is running, debug_wb_pc = 0x1c0527ec
----[ 817525 ns] Number 8'd34 Functional Test Point PASS!!!
        [ 822000 ns] Test is running, debug_wb_pc = 0x1c053740
----[ 827485 ns] Number 8'd35 Functional Test Point PASS!!!
        [ 832000 ns] Test is running, debug_wb_pc = 0x1c054698
----[ 841825 ns] Number 8'd36 Functional Test Point PASS!!!
        [ 842000 ns] Test is running, debug_wb_pc = 0x1c010218
==============================================================
gettrace end!
----Succeed in generating trace file!
$finish called at time : 842155 ns : File "C:/Users/Legion/Desktop/loongarch/mycpu_env/gettrace/src/tb_top.v" Line 224
run: Time (s): cpu = 00:00:09 ; elapsed = 00:00:19 . Memory (MB): peak = 960.656 ; gain = 0.000
close_sim
INFO: [Simtcl 6-16] Simulation closed
exit
INFO: [Common 17-206] Exiting Vivado at Tue Mar 26 11:39:16 2024...
